<?xml version="1.0" encoding="UTF-8"?>
<testng-results ignored="0" total="1" passed="1" failed="0" skipped="0">
  <reporter-output>
    <line>
      <![CDATA[launching Browser For Ebay]]>
    </line>
    <line>
      <![CDATA[BeforeClass is Running]]>
    </line>
    <line>
      <![CDATA[TC is Running]]>
    </line>
    <line>
      <![CDATA[Actual&Expected matching TC passed]]>
    </line>
    <line>
      <![CDATA[After method class is Running]]>
    </line>
    <line>
      <![CDATA[LogOut Successfull]]>
    </line>
    <line>
      <![CDATA[Waiting for 1000ms]]>
    </line>
  </reporter-output>
  <suite started-at="2023-08-03T12:03:36 IST" name="Default suite" finished-at="2023-08-03T12:04:20 IST" duration-ms="43159">
    <groups>
    </groups>
    <test started-at="2023-08-03T12:03:36 IST" name="Default test" finished-at="2023-08-03T12:04:20 IST" duration-ms="43159">
      <class name="TEST.validate_Ebay_Login">
        <test-method is-config="true" signature="beforeClass()[pri:0, instance:TEST.validate_Ebay_Login@3e11f9e9]" started-at="2023-08-03T12:03:36 IST" name="beforeClass" finished-at="2023-08-03T12:03:47 IST" duration-ms="10945" status="PASS">
          <reporter-output>
            <line>
              <![CDATA[launching Browser For Ebay]]>
            </line>
            <line>
              <![CDATA[BeforeClass is Running]]>
            </line>
          </reporter-output>
        </test-method> <!-- beforeClass -->
        <test-method is-config="true" signature="beforeMethod()[pri:0, instance:TEST.validate_Ebay_Login@3e11f9e9]" started-at="2023-08-03T12:03:47 IST" name="beforeMethod" finished-at="2023-08-03T12:04:02 IST" duration-ms="14482" status="PASS">
          <reporter-output>
          </reporter-output>
        </test-method> <!-- beforeMethod -->
        <test-method signature="ValidateLogin()[pri:0, instance:TEST.validate_Ebay_Login@3e11f9e9]" started-at="2023-08-03T12:04:02 IST" name="ValidateLogin" finished-at="2023-08-03T12:04:08 IST" duration-ms="5670" status="PASS">
          <reporter-output>
            <line>
              <![CDATA[TC is Running]]>
            </line>
            <line>
              <![CDATA[Actual&Expected matching TC passed]]>
            </line>
          </reporter-output>
        </test-method> <!-- ValidateLogin -->
        <test-method is-config="true" signature="logout()[pri:0, instance:TEST.validate_Ebay_Login@3e11f9e9]" started-at="2023-08-03T12:04:08 IST" name="logout" finished-at="2023-08-03T12:04:19 IST" duration-ms="11806" status="PASS">
          <reporter-output>
            <line>
              <![CDATA[After method class is Running]]>
            </line>
            <line>
              <![CDATA[LogOut Successfull]]>
            </line>
          </reporter-output>
        </test-method> <!-- logout -->
        <test-method is-config="true" signature="CloseBrowser()[pri:0, instance:TEST.validate_Ebay_Login@3e11f9e9]" started-at="2023-08-03T12:04:19 IST" name="CloseBrowser" finished-at="2023-08-03T12:04:20 IST" duration-ms="187" status="PASS">
          <reporter-output>
            <line>
              <![CDATA[Waiting for 1000ms]]>
            </line>
          </reporter-output>
        </test-method> <!-- CloseBrowser -->
      </class> <!-- TEST.validate_Ebay_Login -->
    </test> <!-- Default test -->
  </suite> <!-- Default suite -->
</testng-results>
